<?xml version="1.0" encoding="UTF-8"?>
<!-- Generated by org.testng.reporters.JUnitXMLReporter -->
<testsuite ignored="0" hostname="DESKTOP-CVLA79K" failures="0" tests="1" name="Test" time="21.73" errors="0" timestamp="2024-11-22T10:45:33 IST">
  <testcase classname="com.testcases.BaseClass" name="@BeforeClass setUp" time="20.329">
    <failure type="java.lang.NoSuchMethodError" message="&amp;apos;java.lang.Object org.apache.logging.log4j.util.LoaderUtil.newCheckedInstanceOfProperty(java.lang.String, java.lang.Class, java.util.function.Supplier)&amp;apos;">
      <![CDATA[java.lang.NoSuchMethodError: 'java.lang.Object org.apache.logging.log4j.util.LoaderUtil.newCheckedInstanceOfProperty(java.lang.String, java.lang.Class, java.util.function.Supplier)'
at org.apache.logging.log4j.core.config.LoggerConfig.<clinit>(LoggerConfig.java:84)
at org.apache.logging.log4j.core.config.AbstractConfiguration.<init>(AbstractConfiguration.java:139)
at org.apache.logging.log4j.core.config.NullConfiguration.<init>(NullConfiguration.java:32)
at org.apache.logging.log4j.core.LoggerContext.<clinit>(LoggerContext.java:76)
at org.apache.logging.log4j.core.selector.ClassLoaderContextSelector.createContext(ClassLoaderContextSelector.java:263)
at org.apache.logging.log4j.core.selector.ClassLoaderContextSelector.locateContext(ClassLoaderContextSelector.java:222)
at org.apache.logging.log4j.core.selector.ClassLoaderContextSelector.getContext(ClassLoaderContextSelector.java:144)
at org.apache.logging.log4j.core.selector.ClassLoaderContextSelector.getContext(ClassLoaderContextSelector.java:123)
at org.apache.logging.log4j.core.impl.Log4jContextFactory.getContext(Log4jContextFactory.java:242)
at org.apache.logging.log4j.core.impl.Log4jContextFactory.getContext(Log4jContextFactory.java:46)
at org.apache.logging.log4j.LogManager.getContext(LogManager.java:176)
at org.apache.logging.log4j.LogManager.getLogger(LogManager.java:666)
at com.testcases.BaseClass.setUp(BaseClass.java:84)
at java.base/java.util.ArrayList.forEach(ArrayList.java:1511)
... Removed 25 stack frames]]>
    </failure>
  </testcase> <!-- @BeforeClass setUp -->
  <testcase classname="com.testcases.BaseClass" name="@AfterClass tearDown" time="0.0">
    <skipped/>
  </testcase> <!-- @AfterClass tearDown -->
  <testcase classname="com.testcases.LoginTestCase" name="loginTest" time="0.0">
    <skipped/>
  </testcase> <!-- loginTest -->
</testsuite> <!-- Test -->
